<!--

    Copyright (C) 2016 Inera AB (http://www.inera.se)

    This file is part of statistik (https://github.com/sklintyg/statistik).

    statistik is free software: you can redistribute it and/or modify
    it under the terms of the GNU General Public License as published by
    the Free Software Foundation, either version 3 of the License, or
    (at your option) any later version.

    statistik is distributed in the hope that it will be useful,
    but WITHOUT ANY WARRANTY; without even the implied warranty of
    MERCHANTABILITY or FITNESS FOR A PARTICULAR PURPOSE.  See the
    GNU General Public License for more details.

    You should have received a copy of the GNU General Public License
    along with this program.  If not, see <http://www.gnu.org/licenses/>.

-->
<saml:Assertion xmlns:saml="urn:oasis:names:tc:SAML:2.0:assertion" ID="ID687457472650644447953297112436736937513965844363" IssueInstant="2014-02-27T10:59:43.667Z" Version="2.0">
    <saml:Issuer Format="urn:oasis:names:tc:SAML:2.0:nameid-format:entity">https://idp.acctest.sakerhetstjanst.inera.se:8443/idp/saml</saml:Issuer>
    <saml:Subject>
        <saml:NameID Format="urn:oasis:names:tc:SAML:1.1:nameid-format:unspecified">TST5565594230-106J</saml:NameID>
        <saml:SubjectConfirmation Method="urn:oasis:names:tc:SAML:2.0:cm:bearer">
            <saml:NameID Format="urn:oasis:names:tc:SAML:1.1:nameid-format:unspecified">TST5565594230-106J</saml:NameID>
            <saml:SubjectConfirmationData InResponseTo="a3j7dh93ig135ed549gjci089633i8" NotOnOrAfter="2014-02-27T11:00:43.667Z" Recipient="https://test.webcert.intygstjanster.se/saml/SSO/alias/defaultAlias"></saml:SubjectConfirmationData>
        </saml:SubjectConfirmation>
    </saml:Subject>
    <saml:Conditions>
        <saml:AudienceRestriction>
            <saml:Audience>https://test.webcert.intygstjanster.se</saml:Audience>
        </saml:AudienceRestriction>
    </saml:Conditions>
    <saml:AuthnStatement AuthnInstant="2014-02-27T10:59:43.662Z" SessionIndex="db82f146-3cac-4667-a145-1c58c371f15a" SessionNotOnOrAfter="2014-02-27T11:59:43.660Z">
        <saml:AuthnContext>
            <saml:AuthnContextClassRef>urn:oasis:names:tc:SAML:2.0:ac:classes:TLSClient</saml:AuthnContextClassRef>
        </saml:AuthnContext>
    </saml:AuthnStatement>
    <saml:AttributeStatement>
        <saml:Attribute FriendlyName="assignmentHsaId" Name="urn:sambi:names:attribute:assignmentHsaId" NameFormat="urn:oasis:names:tc:SAML:2.0:attrname-format:uri">
            <saml:AttributeValue>IFV1239877878-103N</saml:AttributeValue>
        </saml:Attribute>
        <saml:Attribute FriendlyName="levelOfAssurance" Name="urn:sambi:names:attribute:levelOfAssurance" NameFormat="urn:oasis:names:tc:SAML:2.0:attrname-format:uri">
            <saml:AttributeValue>urn:sambi:names:ac:classes:LoA3</saml:AttributeValue>
        </saml:Attribute>
        <saml:Attribute FriendlyName="titleCode" Name="urn:sambi:names:attribute:titleCode" NameFormat="urn:oasis:names:tc:SAML:2.0:attrname-format:uri">
            <saml:AttributeValue>204010</saml:AttributeValue>
        </saml:Attribute>
        <saml:Attribute FriendlyName="careProviderHsaId" Name="urn:sambi:names:attribute:careProviderHsaId" NameFormat="urn:oasis:names:tc:SAML:2.0:attrname-format:uri">
            <saml:AttributeValue>IFV1239877878-0001</saml:AttributeValue>
        </saml:Attribute>
        <saml:Attribute FriendlyName="careUnitHsaId" Name="urn:sambi:names:attribute:careUnitHsaId" NameFormat="urn:oasis:names:tc:SAML:2.0:attrname-format:uri">
            <saml:AttributeValue>IFV1239877878-103F</saml:AttributeValue>
        </saml:Attribute>
        <saml:Attribute FriendlyName="commissionPurpose" Name="urn:sambi:names:attribute:commissionPurpose" NameFormat="urn:oasis:names:tc:SAML:2.0:attrname-format:uri">
            <saml:AttributeValue>Vård och behandling</saml:AttributeValue>
        </saml:Attribute>
        <saml:Attribute FriendlyName="careUnitName" Name="urn:sambi:names:attribute:careUnitName" NameFormat="urn:oasis:names:tc:SAML:2.0:attrname-format:uri">
            <saml:AttributeValue>VårdEnhet1A</saml:AttributeValue>
        </saml:Attribute>
        <saml:Attribute FriendlyName="authnMethod" Name="urn:sambi:names:attribute:authnMethod" NameFormat="urn:oasis:names:tc:SAML:2.0:attrname-format:uri">
            <saml:AttributeValue>urn:oasis:names:tc:SAML:2.0:ac:classes:TLSClient</saml:AttributeValue>
        </saml:Attribute>
        <saml:Attribute FriendlyName="careProviderName" Name="urn:sambi:names:attribute:careProviderName" NameFormat="urn:oasis:names:tc:SAML:2.0:attrname-format:uri">
            <saml:AttributeValue>IFV Testdata</saml:AttributeValue>
        </saml:Attribute>
        <saml:Attribute FriendlyName="assignmentName" Name="urn:sambi:names:attribute:assignmentName" NameFormat="urn:oasis:names:tc:SAML:2.0:attrname-format:uri">
            <saml:AttributeValue>TestVårdEnhet1A VårdEnhet1A</saml:AttributeValue>
        </saml:Attribute>
        <saml:Attribute FriendlyName="commissionRight" Name="urn:sambi:names:attribute:commissionRight" NameFormat="urn:oasis:names:tc:SAML:2.0:attrname-format:uri">
            <saml:AttributeValue>Läsa;vbe;SJF</saml:AttributeValue>
        </saml:Attribute>
        <saml:Attribute FriendlyName="givenName" Name="urn:sambi:names:attribute:givenName" NameFormat="urn:oasis:names:tc:SAML:2.0:attrname-format:uri">
            <saml:AttributeValue>Markus</saml:AttributeValue>
        </saml:Attribute>
        <saml:Attribute FriendlyName="personalPrescriptionCode" Name="urn:sambi:names:attribute:personalPrescriptionCode" NameFormat="urn:oasis:names:tc:SAML:2.0:attrname-format:uri">
            <saml:AttributeValue>8787878</saml:AttributeValue>
        </saml:Attribute>
        <saml:Attribute FriendlyName="employeeHsaId" Name="urn:sambi:names:attribute:employeeHsaId" NameFormat="urn:oasis:names:tc:SAML:2.0:attrname-format:uri">
            <saml:AttributeValue>TST5565594230-106J</saml:AttributeValue>
        </saml:Attribute>
        <saml:Attribute FriendlyName="middleAndSurname" Name="urn:sambi:names:attribute:middleAndSurname" NameFormat="urn:oasis:names:tc:SAML:2.0:attrname-format:uri">
            <saml:AttributeValue>Gran</saml:AttributeValue>
        </saml:Attribute>
        <saml:Attribute FriendlyName="x509IssuerName" Name="urn:sambi:names:attribute:x509IssuerName" NameFormat="urn:oasis:names:tc:SAML:2.0:attrname-format:uri">
            <saml:AttributeValue>CN=SITHS CA TEST v4,O=SITHS CA,C=SE</saml:AttributeValue>
        </saml:Attribute>
    </saml:AttributeStatement>
</saml:Assertion>
