<?xml version="1.0" encoding="UTF-8"?>
<!--

    Copyright (C) 2014 Inera AB (http://www.inera.se)

    This file is part of statistik (https://github.com/sklintyg/statistik).

    statistik is free software: you can redistribute it and/or modify
    it under the terms of the GNU General Public License as published by
    the Free Software Foundation, either version 3 of the License, or
    (at your option) any later version.

    statistik is distributed in the hope that it will be useful,
    but WITHOUT ANY WARRANTY; without even the implied warranty of
    MERCHANTABILITY or FITNESS FOR A PARTICULAR PURPOSE.  See the
    GNU General Public License for more details.

    You should have received a copy of the GNU General Public License
    along with this program.  If not, see <http://www.gnu.org/licenses/>.

-->
<!-- Copyright (C) 2013 Inera AB (http://www.inera.se) This file is part
  of Inera Certificate Web (http://code.google.com/p/inera-certificate-web).
  Inera Certificate Web is free software: you can redistribute it and/or modify
  it under the terms of the GNU Affero General Public License as published
  by the Free Software Foundation, either version 3 of the License, or (at
  your option) any later version. Inera Certificate Web is distributed in the
  hope that it will be useful, but WITHOUT ANY WARRANTY; without even the implied
  warranty of MERCHANTABILITY or FITNESS FOR A PARTICULAR PURPOSE. See the
  GNU Affero General Public License for more details. You should have received
  a copy of the GNU Affero General Public License along with this program.
  If not, see <http://www.gnu.org/licenses/>. -->
<beans xmlns="http://www.springframework.org/schema/beans" xmlns:xsi="http://www.w3.org/2001/XMLSchema-instance"
       xmlns:context="http://www.springframework.org/schema/context"
       xsi:schemaLocation="http://www.springframework.org/schema/beans http://www.springframework.org/schema/beans/spring-beans.xsd
        http://www.springframework.org/schema/context http://www.springframework.org/schema/context/spring-context.xsd">

  <context:annotation-config/>
  <context:component-scan base-package="se.inera.statistics"/>

  <bean class="se.inera.ifv.statistics.spi.authorization.impl.HSAWebServiceCalls"/>

  <bean class="se.inera.statistics.hsa.stub.HsaWebServiceStub"/>

  <bean class="se.inera.statistics.hsa.stub.HsaServiceStub" />

</beans>
